<?xml version="1.0" encoding="UTF-8"?>
<testsuite name="org.shan.casbindemo.CasbindemoApplicationTests" tests="1" skipped="0" failures="0" errors="0" timestamp="2025-01-14T15:43:48" hostname="tree.local" time="0.413">
  <properties/>
  <testcase name="contextLoads()" classname="org.shan.casbindemo.CasbindemoApplicationTests" time="0.413"/>
  <system-out><![CDATA[21:43:47.281 [Test worker] INFO org.springframework.test.context.support.AnnotationConfigContextLoaderUtils -- Could not detect default configuration classes for test class [org.shan.casbindemo.CasbindemoApplicationTests]: CasbindemoApplicationTests does not declare any static, non-private, non-final, nested classes annotated with @Configuration.
21:43:47.330 [Test worker] INFO org.springframework.boot.test.context.SpringBootTestContextBootstrapper -- Found @SpringBootConfiguration org.shan.casbindemo.CasbindemoApplication for test class org.shan.casbindemo.CasbindemoApplicationTests

  .   ____          _            __ _ _
 /\\ / ___'_ __ _ _(_)_ __  __ _ \ \ \ \
( ( )\___ | '_ | '_| | '_ \/ _` | \ \ \ \
 \\/  ___)| |_)| | | | | || (_| |  ) ) ) )
  '  |____| .__|_| |_|_| |_\__, | / / / /
 =========|_|==============|___/=/_/_/_/

 :: Spring Boot ::                (v3.4.1)

2025-01-14T21:43:47.507+06:00  INFO 2069 --- [casbindemo] [    Test worker] o.s.c.CasbindemoApplicationTests         : Starting CasbindemoApplicationTests using Java 17.0.11 with PID 2069 (started by tree in /Users/tree/Desktop/project/spring/spring-boot-3-spring-6-hibernate-for-beginners/01-spring-boot-overview/casbindemo)
2025-01-14T21:43:47.507+06:00  INFO 2069 --- [casbindemo] [    Test worker] o.s.c.CasbindemoApplicationTests         : No active profile set, falling back to 1 default profile: "default"
2025-01-14T21:43:47.985+06:00  INFO 2069 --- [casbindemo] [    Test worker] org.casbin.jcasbin                       : Model:
2025-01-14T21:43:47.985+06:00  INFO 2069 --- [casbindemo] [    Test worker] org.casbin.jcasbin                       : p.p: sub, obj, act
2025-01-14T21:43:47.985+06:00  INFO 2069 --- [casbindemo] [    Test worker] org.casbin.jcasbin                       : r.r: sub, obj, act
2025-01-14T21:43:47.985+06:00  INFO 2069 --- [casbindemo] [    Test worker] org.casbin.jcasbin                       : e.e: some(where (p_eft == allow))
2025-01-14T21:43:47.986+06:00  INFO 2069 --- [casbindemo] [    Test worker] org.casbin.jcasbin                       : g.g: _, _, _
2025-01-14T21:43:47.986+06:00  INFO 2069 --- [casbindemo] [    Test worker] org.casbin.jcasbin                       : g.g2: _, _
2025-01-14T21:43:47.986+06:00  INFO 2069 --- [casbindemo] [    Test worker] org.casbin.jcasbin                       : g.g3: _, _
2025-01-14T21:43:47.986+06:00  INFO 2069 --- [casbindemo] [    Test worker] org.casbin.jcasbin                       : m.m: r_sub == p_sub && r_obj == p_obj && r_act == p_act
2025-01-14T21:43:48.047+06:00  INFO 2069 --- [casbindemo] [    Test worker] org.casbin.jcasbin                       : Policy:
2025-01-14T21:43:48.047+06:00  INFO 2069 --- [casbindemo] [    Test worker] org.casbin.jcasbin                       : p: sub, obj, act: [[alice, /data1, read], [bob, /data2, write]]
2025-01-14T21:43:48.047+06:00  INFO 2069 --- [casbindemo] [    Test worker] org.casbin.jcasbin                       : g: _, _, _: []
2025-01-14T21:43:48.047+06:00  INFO 2069 --- [casbindemo] [    Test worker] org.casbin.jcasbin                       : g2: _, _: []
2025-01-14T21:43:48.047+06:00  INFO 2069 --- [casbindemo] [    Test worker] org.casbin.jcasbin                       : g3: _, _: []
2025-01-14T21:43:48.047+06:00  INFO 2069 --- [casbindemo] [    Test worker] org.casbin.jcasbin                       : Role links for: g
2025-01-14T21:43:48.048+06:00  INFO 2069 --- [casbindemo] [    Test worker] org.casbin.jcasbin                       : 
2025-01-14T21:43:48.048+06:00  INFO 2069 --- [casbindemo] [    Test worker] org.casbin.jcasbin                       : Role links for: g2
2025-01-14T21:43:48.048+06:00  INFO 2069 --- [casbindemo] [    Test worker] org.casbin.jcasbin                       : 
2025-01-14T21:43:48.048+06:00  INFO 2069 --- [casbindemo] [    Test worker] org.casbin.jcasbin                       : Role links for: g3
2025-01-14T21:43:48.048+06:00  INFO 2069 --- [casbindemo] [    Test worker] org.casbin.jcasbin                       : 
2025-01-14T21:43:48.266+06:00  INFO 2069 --- [casbindemo] [    Test worker] o.s.c.CasbindemoApplicationTests         : Started CasbindemoApplicationTests in 0.857 seconds (process running for 1.468)
]]></system-out>
  <system-err><![CDATA[]]></system-err>
</testsuite>
